<?xml version="1.0" encoding="UTF-8"?>
<!-- Generated by org.testng.reporters.JUnitReportReporter -->
<testsuite skipped="0" hostname="LAPTOP-CLIP7DDS" name="ReadValue.SearchResponsevalue" tests="1" failures="0" timestamp="2021-09-05T12:38:35 IST" time="0.017" errors="0">
  <testcase name="Valueget" time="0.017" classname="ReadValue.SearchResponsevalue"/>
  <system-out/>
</testsuite> <!-- ReadValue.SearchResponsevalue -->
