<?xml version="1.0" encoding="UTF-8"?>
<!-- Generated by org.testng.reporters.JUnitReportReporter -->
<testsuite skipped="0" hostname="LAPTOP-CLIP7DDS" name="Createbooking.AirOrderRetrive" tests="1" failures="0" timestamp="2021-09-11T15:14:13 IST" time="4.809" errors="0">
  <testcase name="Retrive" time="4.809" classname="Createbooking.AirOrderRetrive"/>
  <system-out/>
</testsuite> <!-- Createbooking.AirOrderRetrive -->
