<?xml version="1.0" encoding="UTF-8"?>
<!-- Generated by org.testng.reporters.JUnitReportReporter -->
<testsuite skipped="0" hostname="LAPTOP-CLIP7DDS" name="HoldBooking.HoldPrice" tests="1" failures="0" timestamp="2021-09-10T15:56:02 IST" time="27.519" errors="0">
  <testcase name="Holdpricing" time="27.519" classname="HoldBooking.HoldPrice"/>
  <system-out/>
</testsuite> <!-- HoldBooking.HoldPrice -->
