<?xml version="1.0" encoding="UTF-8"?>
<!-- Generated by org.testng.reporters.JUnitReportReporter -->
<testsuite skipped="0" hostname="LAPTOP-CLIP7DDS" name="Createbooking.Voidcancel" tests="1" failures="0" timestamp="2021-09-20T15:24:22 IST" time="9.109" errors="0">
  <testcase name="VoidRequest" time="9.109" classname="Createbooking.Voidcancel"/>
  <system-out/>
</testsuite> <!-- Createbooking.Voidcancel -->
