<?xml version="1.0" encoding="UTF-8"?>
<!-- Generated by org.testng.reporters.JUnitReportReporter -->
<testsuite skipped="0" hostname="LAPTOP-CLIP7DDS" name="Createbooking.Airshopping" tests="1" failures="0" timestamp="2021-09-05T16:34:02 IST" time="8.147" errors="0">
  <testcase name="Searching" time="8.147" classname="Createbooking.Airshopping"/>
  <system-out/>
</testsuite> <!-- Createbooking.Airshopping -->
