<?xml version="1.0" encoding="UTF-8"?>
<!-- Generated by org.testng.reporters.JUnitReportReporter -->
<testsuite skipped="0" hostname="LAPTOP-CLIP7DDS" name="Createbooking.Ticketing" tests="1" failures="0" timestamp="2021-09-20T15:12:11 IST" time="18.525" errors="0">
  <testcase name="TicketingRequest" time="18.525" classname="Createbooking.Ticketing"/>
  <system-out/>
</testsuite> <!-- Createbooking.Ticketing -->
