<?xml version="1.0" encoding="UTF-8"?>
<!-- Generated by org.testng.reporters.JUnitReportReporter -->
<testsuite skipped="0" hostname="LAPTOP-CLIP7DDS" name="Reschedule.Reschedulesearch" tests="1" failures="0" timestamp="2021-09-20T17:25:44 IST" time="40.820" errors="0">
  <testcase name="Searching" time="40.820" classname="Reschedule.Reschedulesearch"/>
  <system-out/>
</testsuite> <!-- Reschedule.Reschedulesearch -->
