<?xml version="1.0" encoding="UTF-8"?>
<!-- Generated by org.testng.reporters.JUnitReportReporter -->
<testsuite skipped="0" hostname="LAPTOP-CLIP7DDS" name="Createbooking.Booking" tests="1" failures="0" timestamp="2021-09-10T13:33:40 IST" time="0.226" errors="0">
  <testcase name="NormalBooking" time="0.226" classname="Createbooking.Booking"/>
  <system-out/>
</testsuite> <!-- Createbooking.Booking -->
