<?xml version="1.0" encoding="UTF-8"?>
<!-- Generated by org.testng.reporters.JUnitReportReporter -->
<testsuite skipped="0" hostname="LAPTOP-CLIP7DDS" name="Createbooking.AirFareRules" tests="1" failures="0" timestamp="2021-09-11T12:07:04 IST" time="4.495" errors="0">
  <testcase name="FareRules" time="4.495" classname="Createbooking.AirFareRules"/>
  <system-out/>
</testsuite> <!-- Createbooking.AirFareRules -->
