<?xml version="1.0" encoding="UTF-8"?>
<!-- Generated by org.testng.reporters.JUnitReportReporter -->
<testsuite skipped="0" hostname="LAPTOP-CLIP7DDS" name="HoldBooking.HoldTicketing" tests="1" failures="0" timestamp="2021-09-20T15:55:12 IST" time="18.579" errors="0">
  <testcase name="TicketingRequest" time="18.579" classname="HoldBooking.HoldTicketing"/>
  <system-out/>
</testsuite> <!-- HoldBooking.HoldTicketing -->
