<?xml version="1.0" encoding="UTF-8"?>
<!-- Generated by org.testng.reporters.JUnitReportReporter -->
<testsuite skipped="0" hostname="LAPTOP-CLIP7DDS" name="HoldBooking.HoldBooking" tests="1" failures="0" timestamp="2021-09-10T15:56:24 IST" time="9.641" errors="0">
  <testcase name="HoldBookingCreate" time="9.641" classname="HoldBooking.HoldBooking"/>
  <system-out/>
</testsuite> <!-- HoldBooking.HoldBooking -->
