<?xml version="1.0" encoding="UTF-8"?>
<!-- Generated by org.testng.reporters.JUnitReportReporter -->
<testsuite skipped="0" hostname="LAPTOP-CLIP7DDS" name="Reschedule.Retrive" tests="1" failures="0" timestamp="2021-09-20T16:42:27 IST" time="7.547" errors="0">
  <testcase name="RERetrive" time="7.547" classname="Reschedule.Retrive"/>
  <system-out/>
</testsuite> <!-- Reschedule.Retrive -->
