<?xml version="1.0" encoding="UTF-8"?>
<!-- Generated by org.testng.reporters.JUnitReportReporter -->
<testsuite skipped="0" hostname="LAPTOP-CLIP7DDS" name="HoldBooking.Holdconfirm" tests="1" failures="0" timestamp="2021-09-10T18:05:27 IST" time="3.216" errors="0">
  <testcase name="HoldBookingConfirm" time="3.216" classname="HoldBooking.Holdconfirm"/>
  <system-out/>
</testsuite> <!-- HoldBooking.Holdconfirm -->
