<?xml version="1.0" encoding="UTF-8"?>
<!-- Generated by org.testng.reporters.JUnitReportReporter -->
<testsuite skipped="0" hostname="LAPTOP-CLIP7DDS" name="Createbooking.Readvalue" tests="1" failures="0" timestamp="2021-09-05T17:29:49 IST" time="0.039" errors="0">
  <testcase name="Valueget" time="0.039" classname="Createbooking.Readvalue"/>
  <system-out/>
</testsuite> <!-- Createbooking.Readvalue -->
