<?xml version="1.0" encoding="UTF-8"?>
<!-- Generated by org.testng.reporters.JUnitReportReporter -->
<testsuite skipped="0" hostname="LAPTOP-CLIP7DDS" name="Runnerclass.Running" tests="4" failures="0" timestamp="2021-09-20T15:44:58 IST" time="35.454" errors="0">
  <testcase name="Holdsearching" time="6.127" classname="Runnerclass.Running"/>
  <system-out/>
  <testcase name="Holdpricing" time="9.128" classname="Runnerclass.Running"/>
  <system-out/>
  <testcase name="Holdcreate" time="15.507" classname="Runnerclass.Running"/>
  <system-out/>
  <testcase name="Holdconfirm" time="4.692" classname="Runnerclass.Running"/>
  <system-out/>
</testsuite> <!-- Runnerclass.Running -->
